<?xml version="1.0" encoding="UTF-8"?>
<testsuite xmlns:xsi="http://www.w3.org/2001/XMLSchema-instance" xsi:noNamespaceSchemaLocation="https://maven.apache.org/surefire/maven-surefire-plugin/xsd/surefire-test-report.xsd" name="com.example.AppTest" time="0.097" tests="1" errors="0" skipped="0" failures="0">
  <properties>
    <property name="sun.desktop" value="gnome"/>
    <property name="awt.toolkit" value="sun.awt.X11.XToolkit"/>
    <property name="file.encoding.pkg" value="sun.io"/>
    <property name="java.specification.version" value="1.8"/>
    <property name="sun.cpu.isalist" value=""/>
    <property name="sun.jnu.encoding" value="UTF-8"/>
    <property name="java.class.path" value="/home/zhangyilu/bigdata/homework5/task1/target/test-classes:/home/zhangyilu/bigdata/homework5/task1/target/classes:/home/zhangyilu/.m2/repository/junit/junit/4.11/junit-4.11.jar:/home/zhangyilu/.m2/repository/org/hamcrest/hamcrest-core/1.3/hamcrest-core-1.3.jar:/home/zhangyilu/.m2/repository/org/apache/hadoop/hadoop-common/3.4.0/hadoop-common-3.4.0.jar:/home/zhangyilu/.m2/repository/org/apache/hadoop/thirdparty/hadoop-shaded-protobuf_3_21/1.2.0/hadoop-shaded-protobuf_3_21-1.2.0.jar:/home/zhangyilu/.m2/repository/org/apache/hadoop/hadoop-annotations/3.4.0/hadoop-annotations-3.4.0.jar:/usr/lib/jvm/jdk1.8.0_431/jre/../lib/tools.jar:/home/zhangyilu/.m2/repository/org/apache/hadoop/thirdparty/hadoop-shaded-guava/1.2.0/hadoop-shaded-guava-1.2.0.jar:/home/zhangyilu/.m2/repository/com/google/guava/guava/27.0-jre/guava-27.0-jre.jar:/home/zhangyilu/.m2/repository/com/google/guava/failureaccess/1.0/failureaccess-1.0.jar:/home/zhangyilu/.m2/repository/com/google/guava/listenablefuture/9999.0-empty-to-avoid-conflict-with-guava/listenablefuture-9999.0-empty-to-avoid-conflict-with-guava.jar:/home/zhangyilu/.m2/repository/org/checkerframework/checker-qual/2.5.2/checker-qual-2.5.2.jar:/home/zhangyilu/.m2/repository/com/google/j2objc/j2objc-annotations/1.1/j2objc-annotations-1.1.jar:/home/zhangyilu/.m2/repository/org/codehaus/mojo/animal-sniffer-annotations/1.17/animal-sniffer-annotations-1.17.jar:/home/zhangyilu/.m2/repository/commons-cli/commons-cli/1.5.0/commons-cli-1.5.0.jar:/home/zhangyilu/.m2/repository/org/apache/commons/commons-math3/3.6.1/commons-math3-3.6.1.jar:/home/zhangyilu/.m2/repository/org/apache/httpcomponents/httpclient/4.5.13/httpclient-4.5.13.jar:/home/zhangyilu/.m2/repository/org/apache/httpcomponents/httpcore/4.4.13/httpcore-4.4.13.jar:/home/zhangyilu/.m2/repository/commons-logging/commons-logging/1.2/commons-logging-1.2.jar:/home/zhangyilu/.m2/repository/commons-codec/commons-codec/1.15/commons-codec-1.15.jar:/home/zhangyilu/.m2/repository/commons-io/commons-io/2.14.0/commons-io-2.14.0.jar:/home/zhangyilu/.m2/repository/commons-net/commons-net/3.9.0/commons-net-3.9.0.jar:/home/zhangyilu/.m2/repository/commons-collections/commons-collections/3.2.2/commons-collections-3.2.2.jar:/home/zhangyilu/.m2/repository/javax/servlet/javax.servlet-api/3.1.0/javax.servlet-api-3.1.0.jar:/home/zhangyilu/.m2/repository/jakarta/activation/jakarta.activation-api/1.2.1/jakarta.activation-api-1.2.1.jar:/home/zhangyilu/.m2/repository/org/eclipse/jetty/jetty-server/9.4.53.v20231009/jetty-server-9.4.53.v20231009.jar:/home/zhangyilu/.m2/repository/org/eclipse/jetty/jetty-http/9.4.53.v20231009/jetty-http-9.4.53.v20231009.jar:/home/zhangyilu/.m2/repository/org/eclipse/jetty/jetty-io/9.4.53.v20231009/jetty-io-9.4.53.v20231009.jar:/home/zhangyilu/.m2/repository/org/eclipse/jetty/jetty-util/9.4.53.v20231009/jetty-util-9.4.53.v20231009.jar:/home/zhangyilu/.m2/repository/org/eclipse/jetty/jetty-servlet/9.4.53.v20231009/jetty-servlet-9.4.53.v20231009.jar:/home/zhangyilu/.m2/repository/org/eclipse/jetty/jetty-security/9.4.53.v20231009/jetty-security-9.4.53.v20231009.jar:/home/zhangyilu/.m2/repository/org/eclipse/jetty/jetty-util-ajax/9.4.53.v20231009/jetty-util-ajax-9.4.53.v20231009.jar:/home/zhangyilu/.m2/repository/org/eclipse/jetty/jetty-webapp/9.4.53.v20231009/jetty-webapp-9.4.53.v20231009.jar:/home/zhangyilu/.m2/repository/org/eclipse/jetty/jetty-xml/9.4.53.v20231009/jetty-xml-9.4.53.v20231009.jar:/home/zhangyilu/.m2/repository/javax/servlet/jsp/jsp-api/2.1/jsp-api-2.1.jar:/home/zhangyilu/.m2/repository/com/sun/jersey/jersey-core/1.19.4/jersey-core-1.19.4.jar:/home/zhangyilu/.m2/repository/javax/ws/rs/jsr311-api/1.1.1/jsr311-api-1.1.1.jar:/home/zhangyilu/.m2/repository/com/sun/jersey/jersey-servlet/1.19.4/jersey-servlet-1.19.4.jar:/home/zhangyilu/.m2/repository/com/github/pjfanning/jersey-json/1.20/jersey-json-1.20.jar:/home/zhangyilu/.m2/repository/com/sun/xml/bind/jaxb-impl/2.2.3-1/jaxb-impl-2.2.3-1.jar:/home/zhangyilu/.m2/repository/org/codehaus/jettison/jettison/1.5.4/jettison-1.5.4.jar:/home/zhangyilu/.m2/repository/com/sun/jersey/jersey-server/1.19.4/jersey-server-1.19.4.jar:/home/zhangyilu/.m2/repository/ch/qos/reload4j/reload4j/1.2.22/reload4j-1.2.22.jar:/home/zhangyilu/.m2/repository/commons-beanutils/commons-beanutils/1.9.4/commons-beanutils-1.9.4.jar:/home/zhangyilu/.m2/repository/org/apache/commons/commons-configuration2/2.8.0/commons-configuration2-2.8.0.jar:/home/zhangyilu/.m2/repository/org/apache/commons/commons-lang3/3.12.0/commons-lang3-3.12.0.jar:/home/zhangyilu/.m2/repository/org/apache/commons/commons-text/1.10.0/commons-text-1.10.0.jar:/home/zhangyilu/.m2/repository/org/slf4j/slf4j-api/1.7.36/slf4j-api-1.7.36.jar:/home/zhangyilu/.m2/repository/org/slf4j/slf4j-reload4j/1.7.36/slf4j-reload4j-1.7.36.jar:/home/zhangyilu/.m2/repository/org/apache/avro/avro/1.9.2/avro-1.9.2.jar:/home/zhangyilu/.m2/repository/com/fasterxml/jackson/core/jackson-core/2.10.2/jackson-core-2.10.2.jar:/home/zhangyilu/.m2/repository/com/google/re2j/re2j/1.1/re2j-1.1.jar:/home/zhangyilu/.m2/repository/com/google/code/gson/gson/2.9.0/gson-2.9.0.jar:/home/zhangyilu/.m2/repository/org/apache/hadoop/hadoop-auth/3.4.0/hadoop-auth-3.4.0.jar:/home/zhangyilu/.m2/repository/com/nimbusds/nimbus-jose-jwt/9.31/nimbus-jose-jwt-9.31.jar:/home/zhangyilu/.m2/repository/com/github/stephenc/jcip/jcip-annotations/1.0-1/jcip-annotations-1.0-1.jar:/home/zhangyilu/.m2/repository/org/apache/curator/curator-framework/5.2.0/curator-framework-5.2.0.jar:/home/zhangyilu/.m2/repository/org/apache/kerby/kerb-simplekdc/2.0.3/kerb-simplekdc-2.0.3.jar:/home/zhangyilu/.m2/repository/org/apache/kerby/kerb-client/2.0.3/kerb-client-2.0.3.jar:/home/zhangyilu/.m2/repository/org/apache/kerby/kerby-config/2.0.3/kerby-config-2.0.3.jar:/home/zhangyilu/.m2/repository/org/apache/kerby/kerb-common/2.0.3/kerb-common-2.0.3.jar:/home/zhangyilu/.m2/repository/org/apache/kerby/kerb-crypto/2.0.3/kerb-crypto-2.0.3.jar:/home/zhangyilu/.m2/repository/org/apache/kerby/kerb-util/2.0.3/kerb-util-2.0.3.jar:/home/zhangyilu/.m2/repository/org/apache/kerby/token-provider/2.0.3/token-provider-2.0.3.jar:/home/zhangyilu/.m2/repository/org/apache/kerby/kerb-admin/2.0.3/kerb-admin-2.0.3.jar:/home/zhangyilu/.m2/repository/org/apache/kerby/kerb-server/2.0.3/kerb-server-2.0.3.jar:/home/zhangyilu/.m2/repository/org/apache/kerby/kerb-identity/2.0.3/kerb-identity-2.0.3.jar:/home/zhangyilu/.m2/repository/org/apache/kerby/kerby-xdr/2.0.3/kerby-xdr-2.0.3.jar:/home/zhangyilu/.m2/repository/com/jcraft/jsch/0.1.55/jsch-0.1.55.jar:/home/zhangyilu/.m2/repository/org/apache/curator/curator-client/5.2.0/curator-client-5.2.0.jar:/home/zhangyilu/.m2/repository/org/apache/curator/curator-recipes/5.2.0/curator-recipes-5.2.0.jar:/home/zhangyilu/.m2/repository/com/google/code/findbugs/jsr305/3.0.2/jsr305-3.0.2.jar:/home/zhangyilu/.m2/repository/org/apache/zookeeper/zookeeper/3.8.3/zookeeper-3.8.3.jar:/home/zhangyilu/.m2/repository/org/apache/zookeeper/zookeeper-jute/3.8.3/zookeeper-jute-3.8.3.jar:/home/zhangyilu/.m2/repository/org/apache/yetus/audience-annotations/0.12.0/audience-annotations-0.12.0.jar:/home/zhangyilu/.m2/repository/ch/qos/logback/logback-core/1.2.10/logback-core-1.2.10.jar:/home/zhangyilu/.m2/repository/ch/qos/logback/logback-classic/1.2.10/logback-classic-1.2.10.jar:/home/zhangyilu/.m2/repository/io/netty/netty-handler/4.1.100.Final/netty-handler-4.1.100.Final.jar:/home/zhangyilu/.m2/repository/io/netty/netty-common/4.1.100.Final/netty-common-4.1.100.Final.jar:/home/zhangyilu/.m2/repository/io/netty/netty-resolver/4.1.100.Final/netty-resolver-4.1.100.Final.jar:/home/zhangyilu/.m2/repository/io/netty/netty-buffer/4.1.100.Final/netty-buffer-4.1.100.Final.jar:/home/zhangyilu/.m2/repository/io/netty/netty-transport/4.1.100.Final/netty-transport-4.1.100.Final.jar:/home/zhangyilu/.m2/repository/io/netty/netty-transport-native-unix-common/4.1.100.Final/netty-transport-native-unix-common-4.1.100.Final.jar:/home/zhangyilu/.m2/repository/io/netty/netty-codec/4.1.100.Final/netty-codec-4.1.100.Final.jar:/home/zhangyilu/.m2/repository/io/netty/netty-transport-native-epoll/4.1.100.Final/netty-transport-native-epoll-4.1.100.Final.jar:/home/zhangyilu/.m2/repository/io/netty/netty-transport-classes-epoll/4.1.100.Final/netty-transport-classes-epoll-4.1.100.Final.jar:/home/zhangyilu/.m2/repository/io/dropwizard/metrics/metrics-core/3.2.4/metrics-core-3.2.4.jar:/home/zhangyilu/.m2/repository/org/apache/commons/commons-compress/1.24.0/commons-compress-1.24.0.jar:/home/zhangyilu/.m2/repository/org/bouncycastle/bcprov-jdk15on/1.70/bcprov-jdk15on-1.70.jar:/home/zhangyilu/.m2/repository/org/apache/kerby/kerb-core/2.0.3/kerb-core-2.0.3.jar:/home/zhangyilu/.m2/repository/org/apache/kerby/kerby-pkix/2.0.3/kerby-pkix-2.0.3.jar:/home/zhangyilu/.m2/repository/org/apache/kerby/kerby-asn1/2.0.3/kerby-asn1-2.0.3.jar:/home/zhangyilu/.m2/repository/org/apache/kerby/kerby-util/2.0.3/kerby-util-2.0.3.jar:/home/zhangyilu/.m2/repository/com/fasterxml/jackson/core/jackson-databind/2.12.7.1/jackson-databind-2.12.7.1.jar:/home/zhangyilu/.m2/repository/com/fasterxml/jackson/core/jackson-annotations/2.12.7/jackson-annotations-2.12.7.jar:/home/zhangyilu/.m2/repository/org/codehaus/woodstox/stax2-api/4.2.1/stax2-api-4.2.1.jar:/home/zhangyilu/.m2/repository/com/fasterxml/woodstox/woodstox-core/5.4.0/woodstox-core-5.4.0.jar:/home/zhangyilu/.m2/repository/dnsjava/dnsjava/3.4.0/dnsjava-3.4.0.jar:/home/zhangyilu/.m2/repository/org/xerial/snappy/snappy-java/1.1.10.4/snappy-java-1.1.10.4.jar:/home/zhangyilu/.m2/repository/org/apache/hadoop/hadoop-mapreduce-client-core/3.4.0/hadoop-mapreduce-client-core-3.4.0.jar:/home/zhangyilu/.m2/repository/org/apache/hadoop/hadoop-yarn-client/3.4.0/hadoop-yarn-client-3.4.0.jar:/home/zhangyilu/.m2/repository/org/eclipse/jetty/websocket/websocket-client/9.4.53.v20231009/websocket-client-9.4.53.v20231009.jar:/home/zhangyilu/.m2/repository/org/eclipse/jetty/jetty-client/9.4.53.v20231009/jetty-client-9.4.53.v20231009.jar:/home/zhangyilu/.m2/repository/org/eclipse/jetty/websocket/websocket-common/9.4.53.v20231009/websocket-common-9.4.53.v20231009.jar:/home/zhangyilu/.m2/repository/org/eclipse/jetty/websocket/websocket-api/9.4.53.v20231009/websocket-api-9.4.53.v20231009.jar:/home/zhangyilu/.m2/repository/org/apache/hadoop/hadoop-yarn-api/3.4.0/hadoop-yarn-api-3.4.0.jar:/home/zhangyilu/.m2/repository/com/google/protobuf/protobuf-java/2.5.0/protobuf-java-2.5.0.jar:/home/zhangyilu/.m2/repository/org/jline/jline/3.9.0/jline-3.9.0.jar:/home/zhangyilu/.m2/repository/org/apache/hadoop/hadoop-yarn-common/3.4.0/hadoop-yarn-common-3.4.0.jar:/home/zhangyilu/.m2/repository/javax/xml/bind/jaxb-api/2.2.11/jaxb-api-2.2.11.jar:/home/zhangyilu/.m2/repository/com/sun/jersey/jersey-client/1.19.4/jersey-client-1.19.4.jar:/home/zhangyilu/.m2/repository/com/google/inject/guice/4.2.3/guice-4.2.3.jar:/home/zhangyilu/.m2/repository/javax/inject/javax.inject/1/javax.inject-1.jar:/home/zhangyilu/.m2/repository/aopalliance/aopalliance/1.0/aopalliance-1.0.jar:/home/zhangyilu/.m2/repository/com/sun/jersey/contribs/jersey-guice/1.19.4/jersey-guice-1.19.4.jar:/home/zhangyilu/.m2/repository/com/fasterxml/jackson/module/jackson-module-jaxb-annotations/2.12.7/jackson-module-jaxb-annotations-2.12.7.jar:/home/zhangyilu/.m2/repository/jakarta/xml/bind/jakarta.xml.bind-api/2.3.2/jakarta.xml.bind-api-2.3.2.jar:/home/zhangyilu/.m2/repository/com/fasterxml/jackson/jaxrs/jackson-jaxrs-json-provider/2.12.7/jackson-jaxrs-json-provider-2.12.7.jar:/home/zhangyilu/.m2/repository/com/fasterxml/jackson/jaxrs/jackson-jaxrs-base/2.12.7/jackson-jaxrs-base-2.12.7.jar:/home/zhangyilu/.m2/repository/org/apache/hadoop/hadoop-hdfs-client/3.4.0/hadoop-hdfs-client-3.4.0.jar:/home/zhangyilu/.m2/repository/com/google/inject/extensions/guice-servlet/4.2.3/guice-servlet-4.2.3.jar:/home/zhangyilu/.m2/repository/io/netty/netty-all/4.1.100.Final/netty-all-4.1.100.Final.jar:/home/zhangyilu/.m2/repository/io/netty/netty-codec-dns/4.1.100.Final/netty-codec-dns-4.1.100.Final.jar:/home/zhangyilu/.m2/repository/io/netty/netty-codec-haproxy/4.1.100.Final/netty-codec-haproxy-4.1.100.Final.jar:/home/zhangyilu/.m2/repository/io/netty/netty-codec-http/4.1.100.Final/netty-codec-http-4.1.100.Final.jar:/home/zhangyilu/.m2/repository/io/netty/netty-codec-http2/4.1.100.Final/netty-codec-http2-4.1.100.Final.jar:/home/zhangyilu/.m2/repository/io/netty/netty-codec-memcache/4.1.100.Final/netty-codec-memcache-4.1.100.Final.jar:/home/zhangyilu/.m2/repository/io/netty/netty-codec-mqtt/4.1.100.Final/netty-codec-mqtt-4.1.100.Final.jar:/home/zhangyilu/.m2/repository/io/netty/netty-codec-redis/4.1.100.Final/netty-codec-redis-4.1.100.Final.jar:/home/zhangyilu/.m2/repository/io/netty/netty-codec-smtp/4.1.100.Final/netty-codec-smtp-4.1.100.Final.jar:/home/zhangyilu/.m2/repository/io/netty/netty-codec-socks/4.1.100.Final/netty-codec-socks-4.1.100.Final.jar:/home/zhangyilu/.m2/repository/io/netty/netty-codec-stomp/4.1.100.Final/netty-codec-stomp-4.1.100.Final.jar:/home/zhangyilu/.m2/repository/io/netty/netty-codec-xml/4.1.100.Final/netty-codec-xml-4.1.100.Final.jar:/home/zhangyilu/.m2/repository/io/netty/netty-handler-proxy/4.1.100.Final/netty-handler-proxy-4.1.100.Final.jar:/home/zhangyilu/.m2/repository/io/netty/netty-handler-ssl-ocsp/4.1.100.Final/netty-handler-ssl-ocsp-4.1.100.Final.jar:/home/zhangyilu/.m2/repository/io/netty/netty-resolver-dns/4.1.100.Final/netty-resolver-dns-4.1.100.Final.jar:/home/zhangyilu/.m2/repository/io/netty/netty-transport-rxtx/4.1.100.Final/netty-transport-rxtx-4.1.100.Final.jar:/home/zhangyilu/.m2/repository/io/netty/netty-transport-sctp/4.1.100.Final/netty-transport-sctp-4.1.100.Final.jar:/home/zhangyilu/.m2/repository/io/netty/netty-transport-udt/4.1.100.Final/netty-transport-udt-4.1.100.Final.jar:/home/zhangyilu/.m2/repository/io/netty/netty-transport-classes-kqueue/4.1.100.Final/netty-transport-classes-kqueue-4.1.100.Final.jar:/home/zhangyilu/.m2/repository/io/netty/netty-resolver-dns-classes-macos/4.1.100.Final/netty-resolver-dns-classes-macos-4.1.100.Final.jar:/home/zhangyilu/.m2/repository/io/netty/netty-transport-native-epoll/4.1.100.Final/netty-transport-native-epoll-4.1.100.Final-linux-x86_64.jar:/home/zhangyilu/.m2/repository/io/netty/netty-transport-native-epoll/4.1.100.Final/netty-transport-native-epoll-4.1.100.Final-linux-aarch_64.jar:/home/zhangyilu/.m2/repository/io/netty/netty-transport-native-kqueue/4.1.100.Final/netty-transport-native-kqueue-4.1.100.Final-osx-x86_64.jar:/home/zhangyilu/.m2/repository/io/netty/netty-transport-native-kqueue/4.1.100.Final/netty-transport-native-kqueue-4.1.100.Final-osx-aarch_64.jar:/home/zhangyilu/.m2/repository/io/netty/netty-resolver-dns-native-macos/4.1.100.Final/netty-resolver-dns-native-macos-4.1.100.Final-osx-x86_64.jar:/home/zhangyilu/.m2/repository/io/netty/netty-resolver-dns-native-macos/4.1.100.Final/netty-resolver-dns-native-macos-4.1.100.Final-osx-aarch_64.jar:"/>
    <property name="java.vm.vendor" value="Oracle Corporation"/>
    <property name="sun.arch.data.model" value="64"/>
    <property name="java.vendor.url" value="http://java.oracle.com/"/>
    <property name="user.timezone" value=""/>
    <property name="java.vm.specification.version" value="1.8"/>
    <property name="os.name" value="Linux"/>
    <property name="user.country" value="CN"/>
    <property name="sun.java.launcher" value="SUN_STANDARD"/>
    <property name="sun.boot.library.path" value="/usr/lib/jvm/jdk1.8.0_431/jre/lib/amd64"/>
    <property name="sun.java.command" value="/home/zhangyilu/bigdata/homework5/task1/target/surefire/surefirebooter2958353663862255711.jar /home/zhangyilu/bigdata/homework5/task1/target/surefire 2025-01-02T15-24-47_901-jvmRun1 surefire6176860135372709186tmp surefire_06931096321996403329tmp"/>
    <property name="surefire.test.class.path" value="/home/zhangyilu/bigdata/homework5/task1/target/test-classes:/home/zhangyilu/bigdata/homework5/task1/target/classes:/home/zhangyilu/.m2/repository/junit/junit/4.11/junit-4.11.jar:/home/zhangyilu/.m2/repository/org/hamcrest/hamcrest-core/1.3/hamcrest-core-1.3.jar:/home/zhangyilu/.m2/repository/org/apache/hadoop/hadoop-common/3.4.0/hadoop-common-3.4.0.jar:/home/zhangyilu/.m2/repository/org/apache/hadoop/thirdparty/hadoop-shaded-protobuf_3_21/1.2.0/hadoop-shaded-protobuf_3_21-1.2.0.jar:/home/zhangyilu/.m2/repository/org/apache/hadoop/hadoop-annotations/3.4.0/hadoop-annotations-3.4.0.jar:/usr/lib/jvm/jdk1.8.0_431/jre/../lib/tools.jar:/home/zhangyilu/.m2/repository/org/apache/hadoop/thirdparty/hadoop-shaded-guava/1.2.0/hadoop-shaded-guava-1.2.0.jar:/home/zhangyilu/.m2/repository/com/google/guava/guava/27.0-jre/guava-27.0-jre.jar:/home/zhangyilu/.m2/repository/com/google/guava/failureaccess/1.0/failureaccess-1.0.jar:/home/zhangyilu/.m2/repository/com/google/guava/listenablefuture/9999.0-empty-to-avoid-conflict-with-guava/listenablefuture-9999.0-empty-to-avoid-conflict-with-guava.jar:/home/zhangyilu/.m2/repository/org/checkerframework/checker-qual/2.5.2/checker-qual-2.5.2.jar:/home/zhangyilu/.m2/repository/com/google/j2objc/j2objc-annotations/1.1/j2objc-annotations-1.1.jar:/home/zhangyilu/.m2/repository/org/codehaus/mojo/animal-sniffer-annotations/1.17/animal-sniffer-annotations-1.17.jar:/home/zhangyilu/.m2/repository/commons-cli/commons-cli/1.5.0/commons-cli-1.5.0.jar:/home/zhangyilu/.m2/repository/org/apache/commons/commons-math3/3.6.1/commons-math3-3.6.1.jar:/home/zhangyilu/.m2/repository/org/apache/httpcomponents/httpclient/4.5.13/httpclient-4.5.13.jar:/home/zhangyilu/.m2/repository/org/apache/httpcomponents/httpcore/4.4.13/httpcore-4.4.13.jar:/home/zhangyilu/.m2/repository/commons-logging/commons-logging/1.2/commons-logging-1.2.jar:/home/zhangyilu/.m2/repository/commons-codec/commons-codec/1.15/commons-codec-1.15.jar:/home/zhangyilu/.m2/repository/commons-io/commons-io/2.14.0/commons-io-2.14.0.jar:/home/zhangyilu/.m2/repository/commons-net/commons-net/3.9.0/commons-net-3.9.0.jar:/home/zhangyilu/.m2/repository/commons-collections/commons-collections/3.2.2/commons-collections-3.2.2.jar:/home/zhangyilu/.m2/repository/javax/servlet/javax.servlet-api/3.1.0/javax.servlet-api-3.1.0.jar:/home/zhangyilu/.m2/repository/jakarta/activation/jakarta.activation-api/1.2.1/jakarta.activation-api-1.2.1.jar:/home/zhangyilu/.m2/repository/org/eclipse/jetty/jetty-server/9.4.53.v20231009/jetty-server-9.4.53.v20231009.jar:/home/zhangyilu/.m2/repository/org/eclipse/jetty/jetty-http/9.4.53.v20231009/jetty-http-9.4.53.v20231009.jar:/home/zhangyilu/.m2/repository/org/eclipse/jetty/jetty-io/9.4.53.v20231009/jetty-io-9.4.53.v20231009.jar:/home/zhangyilu/.m2/repository/org/eclipse/jetty/jetty-util/9.4.53.v20231009/jetty-util-9.4.53.v20231009.jar:/home/zhangyilu/.m2/repository/org/eclipse/jetty/jetty-servlet/9.4.53.v20231009/jetty-servlet-9.4.53.v20231009.jar:/home/zhangyilu/.m2/repository/org/eclipse/jetty/jetty-security/9.4.53.v20231009/jetty-security-9.4.53.v20231009.jar:/home/zhangyilu/.m2/repository/org/eclipse/jetty/jetty-util-ajax/9.4.53.v20231009/jetty-util-ajax-9.4.53.v20231009.jar:/home/zhangyilu/.m2/repository/org/eclipse/jetty/jetty-webapp/9.4.53.v20231009/jetty-webapp-9.4.53.v20231009.jar:/home/zhangyilu/.m2/repository/org/eclipse/jetty/jetty-xml/9.4.53.v20231009/jetty-xml-9.4.53.v20231009.jar:/home/zhangyilu/.m2/repository/javax/servlet/jsp/jsp-api/2.1/jsp-api-2.1.jar:/home/zhangyilu/.m2/repository/com/sun/jersey/jersey-core/1.19.4/jersey-core-1.19.4.jar:/home/zhangyilu/.m2/repository/javax/ws/rs/jsr311-api/1.1.1/jsr311-api-1.1.1.jar:/home/zhangyilu/.m2/repository/com/sun/jersey/jersey-servlet/1.19.4/jersey-servlet-1.19.4.jar:/home/zhangyilu/.m2/repository/com/github/pjfanning/jersey-json/1.20/jersey-json-1.20.jar:/home/zhangyilu/.m2/repository/com/sun/xml/bind/jaxb-impl/2.2.3-1/jaxb-impl-2.2.3-1.jar:/home/zhangyilu/.m2/repository/org/codehaus/jettison/jettison/1.5.4/jettison-1.5.4.jar:/home/zhangyilu/.m2/repository/com/sun/jersey/jersey-server/1.19.4/jersey-server-1.19.4.jar:/home/zhangyilu/.m2/repository/ch/qos/reload4j/reload4j/1.2.22/reload4j-1.2.22.jar:/home/zhangyilu/.m2/repository/commons-beanutils/commons-beanutils/1.9.4/commons-beanutils-1.9.4.jar:/home/zhangyilu/.m2/repository/org/apache/commons/commons-configuration2/2.8.0/commons-configuration2-2.8.0.jar:/home/zhangyilu/.m2/repository/org/apache/commons/commons-lang3/3.12.0/commons-lang3-3.12.0.jar:/home/zhangyilu/.m2/repository/org/apache/commons/commons-text/1.10.0/commons-text-1.10.0.jar:/home/zhangyilu/.m2/repository/org/slf4j/slf4j-api/1.7.36/slf4j-api-1.7.36.jar:/home/zhangyilu/.m2/repository/org/slf4j/slf4j-reload4j/1.7.36/slf4j-reload4j-1.7.36.jar:/home/zhangyilu/.m2/repository/org/apache/avro/avro/1.9.2/avro-1.9.2.jar:/home/zhangyilu/.m2/repository/com/fasterxml/jackson/core/jackson-core/2.10.2/jackson-core-2.10.2.jar:/home/zhangyilu/.m2/repository/com/google/re2j/re2j/1.1/re2j-1.1.jar:/home/zhangyilu/.m2/repository/com/google/code/gson/gson/2.9.0/gson-2.9.0.jar:/home/zhangyilu/.m2/repository/org/apache/hadoop/hadoop-auth/3.4.0/hadoop-auth-3.4.0.jar:/home/zhangyilu/.m2/repository/com/nimbusds/nimbus-jose-jwt/9.31/nimbus-jose-jwt-9.31.jar:/home/zhangyilu/.m2/repository/com/github/stephenc/jcip/jcip-annotations/1.0-1/jcip-annotations-1.0-1.jar:/home/zhangyilu/.m2/repository/org/apache/curator/curator-framework/5.2.0/curator-framework-5.2.0.jar:/home/zhangyilu/.m2/repository/org/apache/kerby/kerb-simplekdc/2.0.3/kerb-simplekdc-2.0.3.jar:/home/zhangyilu/.m2/repository/org/apache/kerby/kerb-client/2.0.3/kerb-client-2.0.3.jar:/home/zhangyilu/.m2/repository/org/apache/kerby/kerby-config/2.0.3/kerby-config-2.0.3.jar:/home/zhangyilu/.m2/repository/org/apache/kerby/kerb-common/2.0.3/kerb-common-2.0.3.jar:/home/zhangyilu/.m2/repository/org/apache/kerby/kerb-crypto/2.0.3/kerb-crypto-2.0.3.jar:/home/zhangyilu/.m2/repository/org/apache/kerby/kerb-util/2.0.3/kerb-util-2.0.3.jar:/home/zhangyilu/.m2/repository/org/apache/kerby/token-provider/2.0.3/token-provider-2.0.3.jar:/home/zhangyilu/.m2/repository/org/apache/kerby/kerb-admin/2.0.3/kerb-admin-2.0.3.jar:/home/zhangyilu/.m2/repository/org/apache/kerby/kerb-server/2.0.3/kerb-server-2.0.3.jar:/home/zhangyilu/.m2/repository/org/apache/kerby/kerb-identity/2.0.3/kerb-identity-2.0.3.jar:/home/zhangyilu/.m2/repository/org/apache/kerby/kerby-xdr/2.0.3/kerby-xdr-2.0.3.jar:/home/zhangyilu/.m2/repository/com/jcraft/jsch/0.1.55/jsch-0.1.55.jar:/home/zhangyilu/.m2/repository/org/apache/curator/curator-client/5.2.0/curator-client-5.2.0.jar:/home/zhangyilu/.m2/repository/org/apache/curator/curator-recipes/5.2.0/curator-recipes-5.2.0.jar:/home/zhangyilu/.m2/repository/com/google/code/findbugs/jsr305/3.0.2/jsr305-3.0.2.jar:/home/zhangyilu/.m2/repository/org/apache/zookeeper/zookeeper/3.8.3/zookeeper-3.8.3.jar:/home/zhangyilu/.m2/repository/org/apache/zookeeper/zookeeper-jute/3.8.3/zookeeper-jute-3.8.3.jar:/home/zhangyilu/.m2/repository/org/apache/yetus/audience-annotations/0.12.0/audience-annotations-0.12.0.jar:/home/zhangyilu/.m2/repository/ch/qos/logback/logback-core/1.2.10/logback-core-1.2.10.jar:/home/zhangyilu/.m2/repository/ch/qos/logback/logback-classic/1.2.10/logback-classic-1.2.10.jar:/home/zhangyilu/.m2/repository/io/netty/netty-handler/4.1.100.Final/netty-handler-4.1.100.Final.jar:/home/zhangyilu/.m2/repository/io/netty/netty-common/4.1.100.Final/netty-common-4.1.100.Final.jar:/home/zhangyilu/.m2/repository/io/netty/netty-resolver/4.1.100.Final/netty-resolver-4.1.100.Final.jar:/home/zhangyilu/.m2/repository/io/netty/netty-buffer/4.1.100.Final/netty-buffer-4.1.100.Final.jar:/home/zhangyilu/.m2/repository/io/netty/netty-transport/4.1.100.Final/netty-transport-4.1.100.Final.jar:/home/zhangyilu/.m2/repository/io/netty/netty-transport-native-unix-common/4.1.100.Final/netty-transport-native-unix-common-4.1.100.Final.jar:/home/zhangyilu/.m2/repository/io/netty/netty-codec/4.1.100.Final/netty-codec-4.1.100.Final.jar:/home/zhangyilu/.m2/repository/io/netty/netty-transport-native-epoll/4.1.100.Final/netty-transport-native-epoll-4.1.100.Final.jar:/home/zhangyilu/.m2/repository/io/netty/netty-transport-classes-epoll/4.1.100.Final/netty-transport-classes-epoll-4.1.100.Final.jar:/home/zhangyilu/.m2/repository/io/dropwizard/metrics/metrics-core/3.2.4/metrics-core-3.2.4.jar:/home/zhangyilu/.m2/repository/org/apache/commons/commons-compress/1.24.0/commons-compress-1.24.0.jar:/home/zhangyilu/.m2/repository/org/bouncycastle/bcprov-jdk15on/1.70/bcprov-jdk15on-1.70.jar:/home/zhangyilu/.m2/repository/org/apache/kerby/kerb-core/2.0.3/kerb-core-2.0.3.jar:/home/zhangyilu/.m2/repository/org/apache/kerby/kerby-pkix/2.0.3/kerby-pkix-2.0.3.jar:/home/zhangyilu/.m2/repository/org/apache/kerby/kerby-asn1/2.0.3/kerby-asn1-2.0.3.jar:/home/zhangyilu/.m2/repository/org/apache/kerby/kerby-util/2.0.3/kerby-util-2.0.3.jar:/home/zhangyilu/.m2/repository/com/fasterxml/jackson/core/jackson-databind/2.12.7.1/jackson-databind-2.12.7.1.jar:/home/zhangyilu/.m2/repository/com/fasterxml/jackson/core/jackson-annotations/2.12.7/jackson-annotations-2.12.7.jar:/home/zhangyilu/.m2/repository/org/codehaus/woodstox/stax2-api/4.2.1/stax2-api-4.2.1.jar:/home/zhangyilu/.m2/repository/com/fasterxml/woodstox/woodstox-core/5.4.0/woodstox-core-5.4.0.jar:/home/zhangyilu/.m2/repository/dnsjava/dnsjava/3.4.0/dnsjava-3.4.0.jar:/home/zhangyilu/.m2/repository/org/xerial/snappy/snappy-java/1.1.10.4/snappy-java-1.1.10.4.jar:/home/zhangyilu/.m2/repository/org/apache/hadoop/hadoop-mapreduce-client-core/3.4.0/hadoop-mapreduce-client-core-3.4.0.jar:/home/zhangyilu/.m2/repository/org/apache/hadoop/hadoop-yarn-client/3.4.0/hadoop-yarn-client-3.4.0.jar:/home/zhangyilu/.m2/repository/org/eclipse/jetty/websocket/websocket-client/9.4.53.v20231009/websocket-client-9.4.53.v20231009.jar:/home/zhangyilu/.m2/repository/org/eclipse/jetty/jetty-client/9.4.53.v20231009/jetty-client-9.4.53.v20231009.jar:/home/zhangyilu/.m2/repository/org/eclipse/jetty/websocket/websocket-common/9.4.53.v20231009/websocket-common-9.4.53.v20231009.jar:/home/zhangyilu/.m2/repository/org/eclipse/jetty/websocket/websocket-api/9.4.53.v20231009/websocket-api-9.4.53.v20231009.jar:/home/zhangyilu/.m2/repository/org/apache/hadoop/hadoop-yarn-api/3.4.0/hadoop-yarn-api-3.4.0.jar:/home/zhangyilu/.m2/repository/com/google/protobuf/protobuf-java/2.5.0/protobuf-java-2.5.0.jar:/home/zhangyilu/.m2/repository/org/jline/jline/3.9.0/jline-3.9.0.jar:/home/zhangyilu/.m2/repository/org/apache/hadoop/hadoop-yarn-common/3.4.0/hadoop-yarn-common-3.4.0.jar:/home/zhangyilu/.m2/repository/javax/xml/bind/jaxb-api/2.2.11/jaxb-api-2.2.11.jar:/home/zhangyilu/.m2/repository/com/sun/jersey/jersey-client/1.19.4/jersey-client-1.19.4.jar:/home/zhangyilu/.m2/repository/com/google/inject/guice/4.2.3/guice-4.2.3.jar:/home/zhangyilu/.m2/repository/javax/inject/javax.inject/1/javax.inject-1.jar:/home/zhangyilu/.m2/repository/aopalliance/aopalliance/1.0/aopalliance-1.0.jar:/home/zhangyilu/.m2/repository/com/sun/jersey/contribs/jersey-guice/1.19.4/jersey-guice-1.19.4.jar:/home/zhangyilu/.m2/repository/com/fasterxml/jackson/module/jackson-module-jaxb-annotations/2.12.7/jackson-module-jaxb-annotations-2.12.7.jar:/home/zhangyilu/.m2/repository/jakarta/xml/bind/jakarta.xml.bind-api/2.3.2/jakarta.xml.bind-api-2.3.2.jar:/home/zhangyilu/.m2/repository/com/fasterxml/jackson/jaxrs/jackson-jaxrs-json-provider/2.12.7/jackson-jaxrs-json-provider-2.12.7.jar:/home/zhangyilu/.m2/repository/com/fasterxml/jackson/jaxrs/jackson-jaxrs-base/2.12.7/jackson-jaxrs-base-2.12.7.jar:/home/zhangyilu/.m2/repository/org/apache/hadoop/hadoop-hdfs-client/3.4.0/hadoop-hdfs-client-3.4.0.jar:/home/zhangyilu/.m2/repository/com/google/inject/extensions/guice-servlet/4.2.3/guice-servlet-4.2.3.jar:/home/zhangyilu/.m2/repository/io/netty/netty-all/4.1.100.Final/netty-all-4.1.100.Final.jar:/home/zhangyilu/.m2/repository/io/netty/netty-codec-dns/4.1.100.Final/netty-codec-dns-4.1.100.Final.jar:/home/zhangyilu/.m2/repository/io/netty/netty-codec-haproxy/4.1.100.Final/netty-codec-haproxy-4.1.100.Final.jar:/home/zhangyilu/.m2/repository/io/netty/netty-codec-http/4.1.100.Final/netty-codec-http-4.1.100.Final.jar:/home/zhangyilu/.m2/repository/io/netty/netty-codec-http2/4.1.100.Final/netty-codec-http2-4.1.100.Final.jar:/home/zhangyilu/.m2/repository/io/netty/netty-codec-memcache/4.1.100.Final/netty-codec-memcache-4.1.100.Final.jar:/home/zhangyilu/.m2/repository/io/netty/netty-codec-mqtt/4.1.100.Final/netty-codec-mqtt-4.1.100.Final.jar:/home/zhangyilu/.m2/repository/io/netty/netty-codec-redis/4.1.100.Final/netty-codec-redis-4.1.100.Final.jar:/home/zhangyilu/.m2/repository/io/netty/netty-codec-smtp/4.1.100.Final/netty-codec-smtp-4.1.100.Final.jar:/home/zhangyilu/.m2/repository/io/netty/netty-codec-socks/4.1.100.Final/netty-codec-socks-4.1.100.Final.jar:/home/zhangyilu/.m2/repository/io/netty/netty-codec-stomp/4.1.100.Final/netty-codec-stomp-4.1.100.Final.jar:/home/zhangyilu/.m2/repository/io/netty/netty-codec-xml/4.1.100.Final/netty-codec-xml-4.1.100.Final.jar:/home/zhangyilu/.m2/repository/io/netty/netty-handler-proxy/4.1.100.Final/netty-handler-proxy-4.1.100.Final.jar:/home/zhangyilu/.m2/repository/io/netty/netty-handler-ssl-ocsp/4.1.100.Final/netty-handler-ssl-ocsp-4.1.100.Final.jar:/home/zhangyilu/.m2/repository/io/netty/netty-resolver-dns/4.1.100.Final/netty-resolver-dns-4.1.100.Final.jar:/home/zhangyilu/.m2/repository/io/netty/netty-transport-rxtx/4.1.100.Final/netty-transport-rxtx-4.1.100.Final.jar:/home/zhangyilu/.m2/repository/io/netty/netty-transport-sctp/4.1.100.Final/netty-transport-sctp-4.1.100.Final.jar:/home/zhangyilu/.m2/repository/io/netty/netty-transport-udt/4.1.100.Final/netty-transport-udt-4.1.100.Final.jar:/home/zhangyilu/.m2/repository/io/netty/netty-transport-classes-kqueue/4.1.100.Final/netty-transport-classes-kqueue-4.1.100.Final.jar:/home/zhangyilu/.m2/repository/io/netty/netty-resolver-dns-classes-macos/4.1.100.Final/netty-resolver-dns-classes-macos-4.1.100.Final.jar:/home/zhangyilu/.m2/repository/io/netty/netty-transport-native-epoll/4.1.100.Final/netty-transport-native-epoll-4.1.100.Final-linux-x86_64.jar:/home/zhangyilu/.m2/repository/io/netty/netty-transport-native-epoll/4.1.100.Final/netty-transport-native-epoll-4.1.100.Final-linux-aarch_64.jar:/home/zhangyilu/.m2/repository/io/netty/netty-transport-native-kqueue/4.1.100.Final/netty-transport-native-kqueue-4.1.100.Final-osx-x86_64.jar:/home/zhangyilu/.m2/repository/io/netty/netty-transport-native-kqueue/4.1.100.Final/netty-transport-native-kqueue-4.1.100.Final-osx-aarch_64.jar:/home/zhangyilu/.m2/repository/io/netty/netty-resolver-dns-native-macos/4.1.100.Final/netty-resolver-dns-native-macos-4.1.100.Final-osx-x86_64.jar:/home/zhangyilu/.m2/repository/io/netty/netty-resolver-dns-native-macos/4.1.100.Final/netty-resolver-dns-native-macos-4.1.100.Final-osx-aarch_64.jar:"/>
    <property name="sun.cpu.endian" value="little"/>
    <property name="user.home" value="/home/zhangyilu"/>
    <property name="user.language" value="zh"/>
    <property name="java.specification.vendor" value="Oracle Corporation"/>
    <property name="java.home" value="/usr/lib/jvm/jdk1.8.0_431/jre"/>
    <property name="basedir" value="/home/zhangyilu/bigdata/homework5/task1"/>
    <property name="file.separator" value="/"/>
    <property name="line.separator" value="&#10;"/>
    <property name="java.vm.specification.vendor" value="Oracle Corporation"/>
    <property name="java.specification.name" value="Java Platform API Specification"/>
    <property name="java.awt.graphicsenv" value="sun.awt.X11GraphicsEnvironment"/>
    <property name="surefire.real.class.path" value="/home/zhangyilu/bigdata/homework5/task1/target/surefire/surefirebooter2958353663862255711.jar"/>
    <property name="sun.boot.class.path" value="/usr/lib/jvm/jdk1.8.0_431/jre/lib/resources.jar:/usr/lib/jvm/jdk1.8.0_431/jre/lib/rt.jar:/usr/lib/jvm/jdk1.8.0_431/jre/lib/jsse.jar:/usr/lib/jvm/jdk1.8.0_431/jre/lib/jce.jar:/usr/lib/jvm/jdk1.8.0_431/jre/lib/charsets.jar:/usr/lib/jvm/jdk1.8.0_431/jre/lib/jfr.jar:/usr/lib/jvm/jdk1.8.0_431/jre/classes"/>
    <property name="sun.management.compiler" value="HotSpot 64-Bit Tiered Compilers"/>
    <property name="java.runtime.version" value="1.8.0_431-b10"/>
    <property name="user.name" value="zhangyilu"/>
    <property name="path.separator" value=":"/>
    <property name="os.version" value="6.8.0-51-generic"/>
    <property name="java.endorsed.dirs" value="/usr/lib/jvm/jdk1.8.0_431/jre/lib/endorsed"/>
    <property name="java.runtime.name" value="Java(TM) SE Runtime Environment"/>
    <property name="file.encoding" value="UTF-8"/>
    <property name="java.vm.name" value="Java HotSpot(TM) 64-Bit Server VM"/>
    <property name="localRepository" value="/home/zhangyilu/.m2/repository"/>
    <property name="java.vendor.url.bug" value="http://bugreport.sun.com/bugreport/"/>
    <property name="java.io.tmpdir" value="/tmp"/>
    <property name="java.version" value="1.8.0_431"/>
    <property name="user.dir" value="/home/zhangyilu/bigdata/homework5/task1"/>
    <property name="os.arch" value="amd64"/>
    <property name="java.vm.specification.name" value="Java Virtual Machine Specification"/>
    <property name="java.awt.printerjob" value="sun.print.PSPrinterJob"/>
    <property name="sun.os.patch.level" value="unknown"/>
    <property name="java.library.path" value="/usr/java/packages/lib/amd64:/usr/lib64:/lib64:/lib:/usr/lib"/>
    <property name="java.vm.info" value="mixed mode"/>
    <property name="java.vendor" value="Oracle Corporation"/>
    <property name="java.vm.version" value="25.431-b10"/>
    <property name="java.specification.maintenance.version" value="6"/>
    <property name="java.ext.dirs" value="/usr/lib/jvm/jdk1.8.0_431/jre/lib/ext:/usr/java/packages/lib/ext"/>
    <property name="sun.io.unicode.encoding" value="UnicodeLittle"/>
    <property name="java.class.version" value="52.0"/>
  </properties>
  <testcase name="shouldAnswerWithTrue" classname="com.example.AppTest" time="0.011"/>
</testsuite>